2018-05-15 13:02:49,871 [main] INFO  ApplicationView - Oracle SQL Developer Data Modeler 18.1.0.082.1035
2018-05-15 13:19:33,875 [Thread-40] ERROR XMLTransformationManager - Can not write document to file: /opt/datamodeler/datamodeler/types/defaultdomains.xml
java.io.FileNotFoundException: /opt/datamodeler/datamodeler/types/defaultdomains.xml (Permission denied)
	at java.io.FileOutputStream.open0(Native Method)
	at java.io.FileOutputStream.open(FileOutputStream.java:270)
	at java.io.FileOutputStream.<init>(FileOutputStream.java:213)
	at java.io.FileOutputStream.<init>(FileOutputStream.java:162)
	at oracle.dbtools.crest.model.metadata.XMLTransformationManager.saveDocument(XMLTransformationManager.java:3899)
	at oracle.dbtools.crest.model.metadata.XMLTransformationManager.saveDefaultDomain(XMLTransformationManager.java:4300)
	at oracle.dbtools.crest.model.metadata.XMLTransformationManager.saveDomains(XMLTransformationManager.java:4248)
	at oracle.dbtools.crest.model.metadata.XMLTransformationManager.saveDesign(XMLTransformationManager.java:301)
	at oracle.dbtools.crest.model.design.Design.saveAll(Design.java:2147)
	at oracle.dbtools.crest.swingui.ControllerApplication.saveAll(ControllerApplication.java:4025)
	at oracle.dbtools.crest.swingui.ControllerApplication.saveAsDesign(ControllerApplication.java:3815)
	at oracle.dbtools.crest.swingui.ControllerApplication.access$6200(ControllerApplication.java:120)
	at oracle.dbtools.crest.swingui.ControllerApplication$SaveAll$1.run(ControllerApplication.java:2914)
2018-05-15 17:00:08,665 [main] INFO  ApplicationView - Oracle SQL Developer Data Modeler 18.1.0.082.1035
2018-05-15 17:34:53,096 [Thread-26] ERROR XMLTransformationManager - Can not write document to file: /opt/datamodeler/datamodeler/types/defaultdomains.xml
java.io.FileNotFoundException: /opt/datamodeler/datamodeler/types/defaultdomains.xml (Permission denied)
	at java.io.FileOutputStream.open0(Native Method)
	at java.io.FileOutputStream.open(FileOutputStream.java:270)
	at java.io.FileOutputStream.<init>(FileOutputStream.java:213)
	at java.io.FileOutputStream.<init>(FileOutputStream.java:162)
	at oracle.dbtools.crest.model.metadata.XMLTransformationManager.saveDocument(XMLTransformationManager.java:3899)
	at oracle.dbtools.crest.model.metadata.XMLTransformationManager.saveDefaultDomain(XMLTransformationManager.java:4300)
	at oracle.dbtools.crest.model.metadata.XMLTransformationManager.saveDomains(XMLTransformationManager.java:4248)
	at oracle.dbtools.crest.model.metadata.XMLTransformationManager.saveDesign(XMLTransformationManager.java:301)
	at oracle.dbtools.crest.model.design.Design.saveAll(Design.java:2147)
	at oracle.dbtools.crest.swingui.ControllerApplication.saveAll(ControllerApplication.java:4025)
	at oracle.dbtools.crest.swingui.ControllerApplication.saveDesign(ControllerApplication.java:3004)
	at oracle.dbtools.crest.swingui.ControllerApplication.access$6300(ControllerApplication.java:120)
	at oracle.dbtools.crest.swingui.ControllerApplication$SaveAll$1.run(ControllerApplication.java:2916)
2018-05-15 18:04:41,204 [Thread-44] ERROR XMLTransformationManager - Can not write document to file: /opt/datamodeler/datamodeler/types/defaultdomains.xml
java.io.FileNotFoundException: /opt/datamodeler/datamodeler/types/defaultdomains.xml (Permission denied)
	at java.io.FileOutputStream.open0(Native Method)
	at java.io.FileOutputStream.open(FileOutputStream.java:270)
	at java.io.FileOutputStream.<init>(FileOutputStream.java:213)
	at java.io.FileOutputStream.<init>(FileOutputStream.java:162)
	at oracle.dbtools.crest.model.metadata.XMLTransformationManager.saveDocument(XMLTransformationManager.java:3899)
	at oracle.dbtools.crest.model.metadata.XMLTransformationManager.saveDefaultDomain(XMLTransformationManager.java:4300)
	at oracle.dbtools.crest.model.metadata.XMLTransformationManager.saveDomains(XMLTransformationManager.java:4248)
	at oracle.dbtools.crest.model.metadata.XMLTransformationManager.saveDesign(XMLTransformationManager.java:301)
	at oracle.dbtools.crest.model.design.Design.saveAll(Design.java:2147)
	at oracle.dbtools.crest.swingui.ControllerApplication.saveAll(ControllerApplication.java:4025)
	at oracle.dbtools.crest.swingui.ControllerApplication.saveDesign(ControllerApplication.java:3004)
	at oracle.dbtools.crest.swingui.ControllerApplication.access$6300(ControllerApplication.java:120)
	at oracle.dbtools.crest.swingui.ControllerApplication$SaveAll$1.run(ControllerApplication.java:2916)
2018-05-15 18:08:30,417 [AWT-EventQueue-0] ERROR UpdateDO_Edit - Error in UpdateDO_Edit.undo 
Undo Update Πινακίδα_Αυτοκινήτου
1
2018-05-15 18:08:36,888 [AWT-EventQueue-0] ERROR UpdateDO_Edit - Error in UpdateDO_Edit.undo 
Undo Update Κωδικός_Καταστήματος
1
2018-05-15 18:08:37,334 [AWT-EventQueue-0] ERROR UpdateDO_Edit - Error in UpdateDO_Edit.undo 
Undo Update Κωδικός_Καταστήματος
Association already exists
2018-05-15 18:10:49,187 [Thread-61] ERROR XMLTransformationManager - Can not write document to file: /opt/datamodeler/datamodeler/types/defaultdomains.xml
java.io.FileNotFoundException: /opt/datamodeler/datamodeler/types/defaultdomains.xml (Permission denied)
	at java.io.FileOutputStream.open0(Native Method)
	at java.io.FileOutputStream.open(FileOutputStream.java:270)
	at java.io.FileOutputStream.<init>(FileOutputStream.java:213)
	at java.io.FileOutputStream.<init>(FileOutputStream.java:162)
	at oracle.dbtools.crest.model.metadata.XMLTransformationManager.saveDocument(XMLTransformationManager.java:3899)
	at oracle.dbtools.crest.model.metadata.XMLTransformationManager.saveDefaultDomain(XMLTransformationManager.java:4300)
	at oracle.dbtools.crest.model.metadata.XMLTransformationManager.saveDomains(XMLTransformationManager.java:4248)
	at oracle.dbtools.crest.model.metadata.XMLTransformationManager.saveDesign(XMLTransformationManager.java:301)
	at oracle.dbtools.crest.model.design.Design.saveAll(Design.java:2147)
	at oracle.dbtools.crest.swingui.ControllerApplication.saveAll(ControllerApplication.java:4025)
	at oracle.dbtools.crest.swingui.ControllerApplication.saveDesign(ControllerApplication.java:3004)
	at oracle.dbtools.crest.swingui.ControllerApplication.access$6300(ControllerApplication.java:120)
	at oracle.dbtools.crest.swingui.ControllerApplication$SaveAll$1.run(ControllerApplication.java:2916)
2018-05-15 19:51:44,460 [main] INFO  ApplicationView - Oracle SQL Developer Data Modeler 18.1.0.082.1035
2018-05-15 20:18:32,809 [AWT-EventQueue-0] ERROR ImageObject - ImageObject.showPropertyDialog: 
javax.imageio.IIOException: Can't read input file!
	at javax.imageio.ImageIO.read(ImageIO.java:1301)
	at oracle.dbtools.crest.model.design.ImageObject.selectImage(ImageObject.java:175)
	at oracle.dbtools.crest.swingui.diagram.graph.MarqueeHandler.addImage(MarqueeHandler.java:751)
	at oracle.dbtools.crest.swingui.diagram.graph.MarqueeHandler.createObject(MarqueeHandler.java:308)
	at oracle.dbtools.crest.swingui.diagram.graph.MarqueeHandler.mouseReleased(MarqueeHandler.java:235)
	at oracle.dbtools.crest.swingui.diagram.ui.def.DefaultDiagramUI$MouseHandler.mouseReleased(DefaultDiagramUI.java:1787)
	at java.awt.AWTEventMulticaster.mouseReleased(AWTEventMulticaster.java:289)
	at java.awt.Component.processMouseEvent(Component.java:6533)
	at javax.swing.JComponent.processMouseEvent(JComponent.java:3324)
	at java.awt.Component.processEvent(Component.java:6298)
	at java.awt.Container.processEvent(Container.java:2237)
	at java.awt.Component.dispatchEventImpl(Component.java:4889)
	at java.awt.Container.dispatchEventImpl(Container.java:2295)
	at java.awt.Component.dispatchEvent(Component.java:4711)
	at java.awt.LightweightDispatcher.retargetMouseEvent(Container.java:4889)
	at java.awt.LightweightDispatcher.processMouseEvent(Container.java:4526)
	at java.awt.LightweightDispatcher.dispatchEvent(Container.java:4467)
	at java.awt.Container.dispatchEventImpl(Container.java:2281)
	at java.awt.Window.dispatchEventImpl(Window.java:2746)
	at java.awt.Component.dispatchEvent(Component.java:4711)
	at java.awt.EventQueue.dispatchEventImpl(EventQueue.java:758)
	at java.awt.EventQueue.access$500(EventQueue.java:97)
	at java.awt.EventQueue$3.run(EventQueue.java:709)
	at java.awt.EventQueue$3.run(EventQueue.java:703)
	at java.security.AccessController.doPrivileged(Native Method)
	at java.security.ProtectionDomain$JavaSecurityAccessImpl.doIntersectionPrivilege(ProtectionDomain.java:80)
	at java.security.ProtectionDomain$JavaSecurityAccessImpl.doIntersectionPrivilege(ProtectionDomain.java:90)
	at java.awt.EventQueue$4.run(EventQueue.java:731)
	at java.awt.EventQueue$4.run(EventQueue.java:729)
	at java.security.AccessController.doPrivileged(Native Method)
	at java.security.ProtectionDomain$JavaSecurityAccessImpl.doIntersectionPrivilege(ProtectionDomain.java:80)
	at java.awt.EventQueue.dispatchEvent(EventQueue.java:728)
	at oracle.javatools.internal.ui.EventQueueWrapper._dispatchEvent(EventQueueWrapper.java:169)
	at oracle.javatools.internal.ui.EventQueueWrapper.dispatchEvent(EventQueueWrapper.java:151)
	at java.awt.EventDispatchThread.pumpOneEventForFilters(EventDispatchThread.java:201)
	at java.awt.EventDispatchThread.pumpEventsForFilter(EventDispatchThread.java:116)
	at java.awt.EventDispatchThread.pumpEventsForHierarchy(EventDispatchThread.java:105)
	at java.awt.EventDispatchThread.pumpEvents(EventDispatchThread.java:101)
	at java.awt.EventDispatchThread.pumpEvents(EventDispatchThread.java:93)
	at java.awt.EventDispatchThread.run(EventDispatchThread.java:82)
2018-05-15 20:24:11,091 [Thread-54] ERROR XMLTransformationManager - Can not write document to file: /opt/datamodeler/datamodeler/types/defaultdomains.xml
java.io.FileNotFoundException: /opt/datamodeler/datamodeler/types/defaultdomains.xml (Permission denied)
	at java.io.FileOutputStream.open0(Native Method)
	at java.io.FileOutputStream.open(FileOutputStream.java:270)
	at java.io.FileOutputStream.<init>(FileOutputStream.java:213)
	at java.io.FileOutputStream.<init>(FileOutputStream.java:162)
	at oracle.dbtools.crest.model.metadata.XMLTransformationManager.saveDocument(XMLTransformationManager.java:3899)
	at oracle.dbtools.crest.model.metadata.XMLTransformationManager.saveDefaultDomain(XMLTransformationManager.java:4300)
	at oracle.dbtools.crest.model.metadata.XMLTransformationManager.saveDomains(XMLTransformationManager.java:4248)
	at oracle.dbtools.crest.model.metadata.XMLTransformationManager.saveDesign(XMLTransformationManager.java:301)
	at oracle.dbtools.crest.model.design.Design.saveAll(Design.java:2147)
	at oracle.dbtools.crest.swingui.ControllerApplication.saveAll(ControllerApplication.java:4025)
	at oracle.dbtools.crest.swingui.ControllerApplication.saveDesign(ControllerApplication.java:3004)
	at oracle.dbtools.crest.swingui.ControllerApplication.access$6300(ControllerApplication.java:120)
	at oracle.dbtools.crest.swingui.ControllerApplication$SaveAll$1.run(ControllerApplication.java:2916)
2018-05-15 20:25:06,832 [main] INFO  ApplicationView - Oracle SQL Developer Data Modeler 18.1.0.082.1035
2018-05-15 20:29:03,731 [Thread-22] ERROR XMLTransformationManager - Unable to load object from XML: /home/mike/Desktop/DB/ergsia (copy)/mapping/ExtendedMap.xml
java.io.FileNotFoundException: /home/mike/Desktop/DB/ergsia (copy)/mapping/ExtendedMap.xml (No such file or directory)
	at java.io.FileInputStream.open0(Native Method)
	at java.io.FileInputStream.open(FileInputStream.java:195)
	at java.io.FileInputStream.<init>(FileInputStream.java:138)
	at oracle.dbtools.crest.model.metadata.XMLToObjectTransformer.transformToObject(XMLToObjectTransformer.java:136)
	at oracle.dbtools.crest.model.metadata.XMLToObjectTransformer.transformToObject(XMLToObjectTransformer.java:131)
	at oracle.dbtools.crest.model.metadata.XMLTransformationManager.transformFromXMLToObject(XMLTransformationManager.java:1740)
	at oracle.dbtools.crest.model.metadata.XMLTransformationManager.transformFromXMLToObject(XMLTransformationManager.java:1688)
	at oracle.dbtools.crest.model.design.Design.openDesign(Design.java:1575)
	at oracle.dbtools.crest.swingui.ControllerApplication$1.run(ControllerApplication.java:2473)
2018-05-15 20:29:32,899 [Thread-27] ERROR XMLTransformationManager - Unable to load object from XML: /home/mike/Desktop/DB/ergsia/mapping/ExtendedMap.xml
java.io.FileNotFoundException: /home/mike/Desktop/DB/ergsia/mapping/ExtendedMap.xml (No such file or directory)
	at java.io.FileInputStream.open0(Native Method)
	at java.io.FileInputStream.open(FileInputStream.java:195)
	at java.io.FileInputStream.<init>(FileInputStream.java:138)
	at oracle.dbtools.crest.model.metadata.XMLToObjectTransformer.transformToObject(XMLToObjectTransformer.java:136)
	at oracle.dbtools.crest.model.metadata.XMLToObjectTransformer.transformToObject(XMLToObjectTransformer.java:131)
	at oracle.dbtools.crest.model.metadata.XMLTransformationManager.transformFromXMLToObject(XMLTransformationManager.java:1740)
	at oracle.dbtools.crest.model.metadata.XMLTransformationManager.transformFromXMLToObject(XMLTransformationManager.java:1688)
	at oracle.dbtools.crest.model.design.Design.openDesign(Design.java:1575)
	at oracle.dbtools.crest.swingui.ControllerApplication$1.run(ControllerApplication.java:2473)
2018-05-15 20:40:37,396 [Thread-42] ERROR XMLTransformationManager - Can not write document to file: /opt/datamodeler/datamodeler/types/defaultdomains.xml
java.io.FileNotFoundException: /opt/datamodeler/datamodeler/types/defaultdomains.xml (Permission denied)
	at java.io.FileOutputStream.open0(Native Method)
	at java.io.FileOutputStream.open(FileOutputStream.java:270)
	at java.io.FileOutputStream.<init>(FileOutputStream.java:213)
	at java.io.FileOutputStream.<init>(FileOutputStream.java:162)
	at oracle.dbtools.crest.model.metadata.XMLTransformationManager.saveDocument(XMLTransformationManager.java:3899)
	at oracle.dbtools.crest.model.metadata.XMLTransformationManager.saveDefaultDomain(XMLTransformationManager.java:4300)
	at oracle.dbtools.crest.model.metadata.XMLTransformationManager.saveDomains(XMLTransformationManager.java:4248)
	at oracle.dbtools.crest.model.metadata.XMLTransformationManager.saveDesign(XMLTransformationManager.java:301)
	at oracle.dbtools.crest.model.design.Design.saveAll(Design.java:2147)
	at oracle.dbtools.crest.swingui.ControllerApplication.saveAll(ControllerApplication.java:4025)
	at oracle.dbtools.crest.swingui.ControllerApplication.saveDesign(ControllerApplication.java:3004)
	at oracle.dbtools.crest.swingui.ControllerApplication.access$6300(ControllerApplication.java:120)
	at oracle.dbtools.crest.swingui.ControllerApplication$SaveAll$1.run(ControllerApplication.java:2916)
2018-05-15 20:42:44,167 [Thread-46] ERROR XMLTransformationManager - Can not write document to file: /opt/datamodeler/datamodeler/types/defaultdomains.xml
java.io.FileNotFoundException: /opt/datamodeler/datamodeler/types/defaultdomains.xml (Permission denied)
	at java.io.FileOutputStream.open0(Native Method)
	at java.io.FileOutputStream.open(FileOutputStream.java:270)
	at java.io.FileOutputStream.<init>(FileOutputStream.java:213)
	at java.io.FileOutputStream.<init>(FileOutputStream.java:162)
	at oracle.dbtools.crest.model.metadata.XMLTransformationManager.saveDocument(XMLTransformationManager.java:3899)
	at oracle.dbtools.crest.model.metadata.XMLTransformationManager.saveDefaultDomain(XMLTransformationManager.java:4300)
	at oracle.dbtools.crest.model.metadata.XMLTransformationManager.saveDomains(XMLTransformationManager.java:4248)
	at oracle.dbtools.crest.model.metadata.XMLTransformationManager.saveDesign(XMLTransformationManager.java:301)
	at oracle.dbtools.crest.model.design.Design.saveAll(Design.java:2147)
	at oracle.dbtools.crest.swingui.ControllerApplication.saveAll(ControllerApplication.java:4025)
	at oracle.dbtools.crest.swingui.ControllerApplication.saveDesign(ControllerApplication.java:3004)
	at oracle.dbtools.crest.swingui.ControllerApplication.access$6300(ControllerApplication.java:120)
	at oracle.dbtools.crest.swingui.ControllerApplication$SaveAll$1.run(ControllerApplication.java:2916)
2018-05-16 19:25:41,352 [main] INFO  ApplicationView - Oracle SQL Developer Data Modeler 18.1.0.082.1035
2018-05-16 19:36:23,203 [Thread-25] ERROR XMLTransformationManager - Can not write document to file: /opt/datamodeler/datamodeler/types/defaultdomains.xml
java.io.FileNotFoundException: /opt/datamodeler/datamodeler/types/defaultdomains.xml (Permission denied)
	at java.io.FileOutputStream.open0(Native Method)
	at java.io.FileOutputStream.open(FileOutputStream.java:270)
	at java.io.FileOutputStream.<init>(FileOutputStream.java:213)
	at java.io.FileOutputStream.<init>(FileOutputStream.java:162)
	at oracle.dbtools.crest.model.metadata.XMLTransformationManager.saveDocument(XMLTransformationManager.java:3899)
	at oracle.dbtools.crest.model.metadata.XMLTransformationManager.saveDefaultDomain(XMLTransformationManager.java:4300)
	at oracle.dbtools.crest.model.metadata.XMLTransformationManager.saveDomains(XMLTransformationManager.java:4248)
	at oracle.dbtools.crest.model.metadata.XMLTransformationManager.saveDesign(XMLTransformationManager.java:301)
	at oracle.dbtools.crest.model.design.Design.saveAll(Design.java:2147)
	at oracle.dbtools.crest.swingui.ControllerApplication.saveAll(ControllerApplication.java:4025)
	at oracle.dbtools.crest.swingui.ControllerApplication.saveDesign(ControllerApplication.java:3004)
	at oracle.dbtools.crest.swingui.ControllerApplication.access$6300(ControllerApplication.java:120)
	at oracle.dbtools.crest.swingui.ControllerApplication$SaveAll$1.run(ControllerApplication.java:2916)
2018-05-16 19:53:35,499 [Thread-51] ERROR XMLTransformationManager - Can not write document to file: /opt/datamodeler/datamodeler/types/defaultdomains.xml
java.io.FileNotFoundException: /opt/datamodeler/datamodeler/types/defaultdomains.xml (Permission denied)
	at java.io.FileOutputStream.open0(Native Method)
	at java.io.FileOutputStream.open(FileOutputStream.java:270)
	at java.io.FileOutputStream.<init>(FileOutputStream.java:213)
	at java.io.FileOutputStream.<init>(FileOutputStream.java:162)
	at oracle.dbtools.crest.model.metadata.XMLTransformationManager.saveDocument(XMLTransformationManager.java:3899)
	at oracle.dbtools.crest.model.metadata.XMLTransformationManager.saveDefaultDomain(XMLTransformationManager.java:4300)
	at oracle.dbtools.crest.model.metadata.XMLTransformationManager.saveDomains(XMLTransformationManager.java:4248)
	at oracle.dbtools.crest.model.metadata.XMLTransformationManager.saveDesign(XMLTransformationManager.java:301)
	at oracle.dbtools.crest.model.design.Design.saveAll(Design.java:2147)
	at oracle.dbtools.crest.swingui.ControllerApplication.saveAll(ControllerApplication.java:4025)
	at oracle.dbtools.crest.swingui.ControllerApplication.saveDesign(ControllerApplication.java:3004)
	at oracle.dbtools.crest.swingui.ControllerApplication.access$6300(ControllerApplication.java:120)
	at oracle.dbtools.crest.swingui.ControllerApplication$SaveAll$1.run(ControllerApplication.java:2916)
